Performing C SOURCE FILE Test CMAKE_HAVE_LIBC_PTHREAD failed with the following output:
Change Dir: /home/FoLoKe/CLionProjects/OS_LABS/LAB_4/LABA_4_1/cmake-build-debug/CMakeFiles/CMakeTmp

Run Build Command(s):/usr/bin/gmake cmTC_5b76b/fast && /usr/bin/gmake  -f CMakeFiles/cmTC_5b76b.dir/build.make CMakeFiles/cmTC_5b76b.dir/build
gmake[1]: Вход в каталог `/home/FoLoKe/CLionProjects/OS_LABS/LAB_4/LABA_4_1/cmake-build-debug/CMakeFiles/CMakeTmp'
Building C object CMakeFiles/cmTC_5b76b.dir/src.c.o
/usr/bin/cc   -DCMAKE_HAVE_LIBC_PTHREAD   -std=gnu99 -o CMakeFiles/cmTC_5b76b.dir/src.c.o   -c /home/FoLoKe/CLionProjects/OS_LABS/LAB_4/LABA_4_1/cmake-build-debug/CMakeFiles/CMakeTmp/src.c
Linking C executable cmTC_5b76b
"/home/FoLoKe/Рабочий стол/clion-2020.3/bin/cmake/linux/bin/cmake" -E cmake_link_script CMakeFiles/cmTC_5b76b.dir/link.txt --verbose=1
/usr/bin/cc  -DCMAKE_HAVE_LIBC_PTHREAD    CMakeFiles/cmTC_5b76b.dir/src.c.o  -o cmTC_5b76b 
CMakeFiles/cmTC_5b76b.dir/src.c.o: In function `main':
src.c:(.text+0x2d): undefined reference to `pthread_create'
src.c:(.text+0x39): undefined reference to `pthread_detach'
src.c:(.text+0x45): undefined reference to `pthread_cancel'
src.c:(.text+0x56): undefined reference to `pthread_join'
src.c:(.text+0x6a): undefined reference to `pthread_atfork'
collect2: ошибка: выполнение ld завершилось с кодом возврата 1
gmake[1]: *** [cmTC_5b76b] Ошибка 1
gmake[1]: Выход из каталога `/home/FoLoKe/CLionProjects/OS_LABS/LAB_4/LABA_4_1/cmake-build-debug/CMakeFiles/CMakeTmp'
gmake: *** [cmTC_5b76b/fast] Ошибка 2


Source file was:
#include <pthread.h>

void* test_func(void* data)
{
  return data;
}

int main(void)
{
  pthread_t thread;
  pthread_create(&thread, NULL, test_func, NULL);
  pthread_detach(thread);
  pthread_cancel(thread);
  pthread_join(thread, NULL);
  pthread_atfork(NULL, NULL, NULL);
  pthread_exit(NULL);

  return 0;
}

